<?xml version="1.0" encoding="UTF-8"?>
<testsuite xmlns:xsi="http://www.w3.org/2001/XMLSchema-instance" xsi:noNamespaceSchemaLocation="https://maven.apache.org/surefire/maven-surefire-plugin/xsd/surefire-test-report.xsd" name="com.aayush.pingenerator.PinGeneratorTest" time="0.012" tests="6" errors="0" skipped="0" failures="6">
  <properties>
    <property name="java.specification.version" value="14"/>
    <property name="sun.cpu.isalist" value="amd64"/>
    <property name="sun.jnu.encoding" value="Cp1252"/>
    <property name="java.class.path" value="C:\Users\Aayush Regmi\Desktop\Workspace\PinGenerator\pingenerator\target\test-classes;C:\Users\Aayush Regmi\Desktop\Workspace\PinGenerator\pingenerator\target\classes;C:\Users\Aayush Regmi\.m2\repository\org\junit\jupiter\junit-jupiter-api\5.8.0-M1\junit-jupiter-api-5.8.0-M1.jar;C:\Users\Aayush Regmi\.m2\repository\org\apiguardian\apiguardian-api\1.1.1\apiguardian-api-1.1.1.jar;C:\Users\Aayush Regmi\.m2\repository\org\opentest4j\opentest4j\1.2.0\opentest4j-1.2.0.jar;C:\Users\Aayush Regmi\.m2\repository\org\junit\platform\junit-platform-commons\1.8.0-M1\junit-platform-commons-1.8.0-M1.jar;"/>
    <property name="java.vm.vendor" value="Oracle Corporation"/>
    <property name="sun.arch.data.model" value="64"/>
    <property name="user.variant" value=""/>
    <property name="java.vendor.url" value="https://java.oracle.com/"/>
    <property name="user.timezone" value="Pacific/Auckland"/>
    <property name="os.name" value="Windows 10"/>
    <property name="java.vm.specification.version" value="14"/>
    <property name="sun.java.launcher" value="SUN_STANDARD"/>
    <property name="user.country" value="US"/>
    <property name="sun.boot.library.path" value="C:\Program Files\Java\jdk-14.0.2\bin"/>
    <property name="sun.java.command" value="C:\Users\AAYUSH~1\AppData\Local\Temp\surefire17565314437794401833\surefirebooter14996363426652086132.jar C:\Users\Aayush Regmi\AppData\Local\Temp\surefire17565314437794401833 2021-07-12T08-47-53_022-jvmRun1 surefire14035775250644811695tmp surefire_012882706033584276440tmp"/>
    <property name="jdk.debug" value="release"/>
    <property name="surefire.test.class.path" value="C:\Users\Aayush Regmi\Desktop\Workspace\PinGenerator\pingenerator\target\test-classes;C:\Users\Aayush Regmi\Desktop\Workspace\PinGenerator\pingenerator\target\classes;C:\Users\Aayush Regmi\.m2\repository\org\junit\jupiter\junit-jupiter-api\5.8.0-M1\junit-jupiter-api-5.8.0-M1.jar;C:\Users\Aayush Regmi\.m2\repository\org\apiguardian\apiguardian-api\1.1.1\apiguardian-api-1.1.1.jar;C:\Users\Aayush Regmi\.m2\repository\org\opentest4j\opentest4j\1.2.0\opentest4j-1.2.0.jar;C:\Users\Aayush Regmi\.m2\repository\org\junit\platform\junit-platform-commons\1.8.0-M1\junit-platform-commons-1.8.0-M1.jar;"/>
    <property name="sun.cpu.endian" value="little"/>
    <property name="user.home" value="C:\Users\Aayush Regmi"/>
    <property name="user.language" value="en"/>
    <property name="java.specification.vendor" value="Oracle Corporation"/>
    <property name="java.version.date" value="2020-07-14"/>
    <property name="java.home" value="C:\Program Files\Java\jdk-14.0.2"/>
    <property name="file.separator" value="\"/>
    <property name="basedir" value="C:\Users\Aayush Regmi\Desktop\Workspace\PinGenerator\pingenerator"/>
    <property name="java.vm.compressedOopsMode" value="Zero based"/>
    <property name="line.separator" value="&#10;"/>
    <property name="java.vm.specification.vendor" value="Oracle Corporation"/>
    <property name="java.specification.name" value="Java Platform API Specification"/>
    <property name="surefire.real.class.path" value="C:\Users\AAYUSH~1\AppData\Local\Temp\surefire17565314437794401833\surefirebooter14996363426652086132.jar"/>
    <property name="user.script" value=""/>
    <property name="sun.management.compiler" value="HotSpot 64-Bit Tiered Compilers"/>
    <property name="java.runtime.version" value="14.0.2+12-46"/>
    <property name="user.name" value="Aayush Regmi"/>
    <property name="path.separator" value=";"/>
    <property name="os.version" value="10.0"/>
    <property name="java.runtime.name" value="Java(TM) SE Runtime Environment"/>
    <property name="file.encoding" value="Cp1252"/>
    <property name="java.vm.name" value="Java HotSpot(TM) 64-Bit Server VM"/>
    <property name="localRepository" value="C:\Users\Aayush Regmi\.m2\repository"/>
    <property name="java.vendor.url.bug" value="https://bugreport.java.com/bugreport/"/>
    <property name="java.io.tmpdir" value="C:\Users\AAYUSH~1\AppData\Local\Temp\"/>
    <property name="java.version" value="14.0.2"/>
    <property name="user.dir" value="C:\Users\Aayush Regmi\Desktop\Workspace\PinGenerator\pingenerator"/>
    <property name="os.arch" value="amd64"/>
    <property name="java.vm.specification.name" value="Java Virtual Machine Specification"/>
    <property name="sun.os.patch.level" value=""/>
    <property name="java.library.path" value="C:\Program Files\Java\jdk-14.0.2\bin;C:\WINDOWS\Sun\Java\bin;C:\WINDOWS\system32;C:\WINDOWS;C:\Users\Aayush Regmi\bin;C:\Program Files\Git\mingw64\bin;C:\Program Files\Git\usr\local\bin;C:\Program Files\Git\usr\bin;C:\Program Files\Git\usr\bin;C:\Program Files\Git\mingw64\bin;C:\Program Files\Git\usr\bin;C:\Users\Aayush Regmi\bin;C:\Python39\Scripts;C:\Python39;C:\Python27;C:\Python27\Scripts;C:\Windows\system32;C:\Windows;C:\Windows\System32\Wbem;C:\Windows\System32\WindowsPowerShell\v1.0;C:\Windows\System32\OpenSSH;C:\Program Files (x86)\NVIDIA Corporation\PhysX\Common;C:\Program Files\Intel\WiFi\bin;C:\Program Files\Common Files\Intel\WirelessCommon;C:\ProgramData\chocolatey\bin;C:\WINDOWS\system32;C:\WINDOWS;C:\WINDOWS\System32\Wbem;C:\WINDOWS\System32\WindowsPowerShell\v1.0;C:\WINDOWS\System32\OpenSSH;C:\apache-maven-3.6.3\bin;C:\Program Files\Java\jdk-14.0.2\bin;C:\Program Files\Git\cmd;C:\Program Files\MongoDB\Server\4.4\bin;C:\Program Files\PuTTY;C:\Program Files (x86)\Gow\bin;C:\Program Files\nodejs;C:\Users\Aayush Regmi\AppData\Local\Microsoft\WindowsApps;C:\Users\Aayush Regmi\AppData\Local\atom\bin;C:\Users\Aayush Regmi\AppData\Local\Microsoft\WindowsApps;C:\Users\Aayush Regmi\AppData\Local\Programs\Microsoft VS Code\bin;C:\Program Files\heroku\bin;C:\Users\Aayush Regmi\AppData\Roaming\npm;C:\Program Files\Git\usr\bin\vendor_perl;C:\Program Files\Git\usr\bin\core_perl;."/>
    <property name="java.vm.info" value="mixed mode, sharing"/>
    <property name="java.vendor" value="Oracle Corporation"/>
    <property name="java.vm.version" value="14.0.2+12-46"/>
    <property name="sun.io.unicode.encoding" value="UnicodeLittle"/>
    <property name="java.class.version" value="58.0"/>
  </properties>
  <testcase name="com.aayush.pingenerator.PinGeneratorTest.testGenerateSpecifiedPins" classname="com.aayush.pingenerator.PinGeneratorTest" time="0.001">
    <failure type="java.lang.NullPointerException">java.lang.NullPointerException
	at com.aayush.pingenerator.PinGeneratorTest.testGenerateSpecifiedPins(PinGeneratorTest.java:67)
</failure>
  </testcase>
  <testcase name="com.aayush.pingenerator.PinGeneratorTest.testGenerateSpecifiedPinsForNull" classname="com.aayush.pingenerator.PinGeneratorTest" time="0">
    <failure type="java.lang.NullPointerException">java.lang.NullPointerException
	at com.aayush.pingenerator.PinGeneratorTest.testGenerateSpecifiedPinsForNull(PinGeneratorTest.java:60)
</failure>
  </testcase>
  <testcase name="com.aayush.pingenerator.PinGeneratorTest.testNextPinFunction" classname="com.aayush.pingenerator.PinGeneratorTest" time="0">
    <failure type="java.lang.NullPointerException">java.lang.NullPointerException
	at com.aayush.pingenerator.PinGeneratorTest.testNextPinFunction(PinGeneratorTest.java:41)
</failure>
  </testcase>
  <testcase name="com.aayush.pingenerator.PinGeneratorTest.testObjectCreation" classname="com.aayush.pingenerator.PinGeneratorTest" time="0">
    <failure message="expected: not &lt;null&gt;" type="org.opentest4j.AssertionFailedError"><![CDATA[org.opentest4j.AssertionFailedError: expected: not <null>
	at org.junit.jupiter.api.AssertionUtils.fail(AssertionUtils.java:39)
	at org.junit.jupiter.api.Assertions.fail(Assertions.java:118)
	at org.junit.jupiter.api.AssertNotNull.failNull(AssertNotNull.java:47)
	at org.junit.jupiter.api.AssertNotNull.assertNotNull(AssertNotNull.java:36)
	at org.junit.jupiter.api.AssertNotNull.assertNotNull(AssertNotNull.java:31)
	at org.junit.jupiter.api.Assertions.assertNotNull(Assertions.java:284)
	at com.aayush.pingenerator.PinGeneratorTest.testObjectCreation(PinGeneratorTest.java:27)
]]></failure>
  </testcase>
  <testcase name="com.aayush.pingenerator.PinGeneratorTest.testDistinctPins" classname="com.aayush.pingenerator.PinGeneratorTest" time="0">
    <failure type="java.lang.NullPointerException">java.lang.NullPointerException
	at com.aayush.pingenerator.PinGeneratorTest.testDistinctPins(PinGeneratorTest.java:51)
</failure>
  </testcase>
  <testcase name="com.aayush.pingenerator.PinGeneratorTest.testPinGeneration" classname="com.aayush.pingenerator.PinGeneratorTest" time="0">
    <failure type="java.lang.NullPointerException">java.lang.NullPointerException
	at com.aayush.pingenerator.PinGeneratorTest.testPinGeneration(PinGeneratorTest.java:33)
</failure>
  </testcase>
</testsuite>