<?xml version="1.0" encoding="UTF-8"?>
<testsuite xmlns:xsi="http://www.w3.org/2001/XMLSchema-instance" xsi:noNamespaceSchemaLocation="https://maven.apache.org/surefire/maven-surefire-plugin/xsd/surefire-test-report.xsd" name="com.aayush.pingenerator.PinGeneratorTest" time="0.012" tests="6" errors="0" skipped="0" failures="6">
  <properties>
[...]
</properties>
  <testcase name="com.aayush.pingenerator.PinGeneratorTest.testGenerateSpecifiedPins" classname="com.aayush.pingenerator.PinGeneratorTest" time="0.001">
    <failure type="java.lang.NullPointerException">java.lang.NullPointerException
	at com.aayush.pingenerator.PinGeneratorTest.testGenerateSpecifiedPins(PinGeneratorTest.java:67)
</failure>
  </testcase>
  <testcase name="com.aayush.pingenerator.PinGeneratorTest.testGenerateSpecifiedPinsForNull" classname="com.aayush.pingenerator.PinGeneratorTest" time="0">
    <failure type="java.lang.NullPointerException">java.lang.NullPointerException
	at com.aayush.pingenerator.PinGeneratorTest.testGenerateSpecifiedPinsForNull(PinGeneratorTest.java:60)
</failure>
  </testcase>
  <testcase name="com.aayush.pingenerator.PinGeneratorTest.testNextPinFunction" classname="com.aayush.pingenerator.PinGeneratorTest" time="0">
    <failure type="java.lang.NullPointerException">java.lang.NullPointerException
	at com.aayush.pingenerator.PinGeneratorTest.testNextPinFunction(PinGeneratorTest.java:41)
</failure>
  </testcase>
  <testcase name="com.aayush.pingenerator.PinGeneratorTest.testObjectCreation" classname="com.aayush.pingenerator.PinGeneratorTest" time="0">
    <failure message="expected: not &lt;null&gt;" type="org.opentest4j.AssertionFailedError"><![CDATA[org.opentest4j.AssertionFailedError: expected: not <null>
	at org.junit.jupiter.api.AssertionUtils.fail(AssertionUtils.java:39)
	at org.junit.jupiter.api.Assertions.fail(Assertions.java:118)
	at org.junit.jupiter.api.AssertNotNull.failNull(AssertNotNull.java:47)
	at org.junit.jupiter.api.AssertNotNull.assertNotNull(AssertNotNull.java:36)
	at org.junit.jupiter.api.AssertNotNull.assertNotNull(AssertNotNull.java:31)
	at org.junit.jupiter.api.Assertions.assertNotNull(Assertions.java:284)
	at com.aayush.pingenerator.PinGeneratorTest.testObjectCreation(PinGeneratorTest.java:27)
]]></failure>
  </testcase>
  <testcase name="com.aayush.pingenerator.PinGeneratorTest.testDistinctPins" classname="com.aayush.pingenerator.PinGeneratorTest" time="0">
    <failure type="java.lang.NullPointerException">java.lang.NullPointerException
	at com.aayush.pingenerator.PinGeneratorTest.testDistinctPins(PinGeneratorTest.java:51)
</failure>
  </testcase>
  <testcase name="com.aayush.pingenerator.PinGeneratorTest.testPinGeneration" classname="com.aayush.pingenerator.PinGeneratorTest" time="0">
    <failure type="java.lang.NullPointerException">java.lang.NullPointerException
	at com.aayush.pingenerator.PinGeneratorTest.testPinGeneration(PinGeneratorTest.java:33)
</failure>
  </testcase>
</testsuite>